user_logger DEBUG 2024-11-02 15:46:02,134 db_post created user: user_1 solaire@gmail.com
user_logger DEBUG 2024-11-02 15:46:03,011 db_post created user: user_2 aslatiel@gmail.com
user_logger DEBUG 2024-11-02 15:46:03,404 db_post created user: user_3 laurentius@gmail.com
user_logger DEBUG 2024-11-02 15:46:03,766 db_post created user: user_4 siegmeyer@gmail.com
user_logger DEBUG 2024-11-02 15:46:04,406 db_post created user: user_1 solaire@gmail.com
user_logger DEBUG 2024-11-02 15:46:04,789 db_post created user: user_2 aslatiel@gmail.com
user_logger DEBUG 2024-11-02 15:46:05,815 db_post created user: user_3 laurentius@gmail.com
user_logger DEBUG 2024-11-02 15:46:06,126 db_post created user: user_4 siegmeyer@gmail.com
user_logger DEBUG 2024-11-02 15:46:06,813 db_post created user: user_1 solaire@gmail.com
user_logger DEBUG 2024-11-02 15:46:07,183 db_post created user: user_2 aslatiel@gmail.com
user_logger DEBUG 2024-11-02 15:46:07,524 db_post created user: user_3 laurentius@gmail.com
user_logger DEBUG 2024-11-02 15:46:07,967 db_post created user: user_4 siegmeyer@gmail.com
user_logger DEBUG 2024-11-02 15:46:08,861 db_post created user: user_1 siegmeyer@gmail.com
user_logger DEBUG 2024-11-02 15:51:19,886 db_post created user: user_1 solaire@gmail.com
user_logger DEBUG 2024-11-02 15:51:20,214 db_post created user: user_2 aslatiel@gmail.com
user_logger DEBUG 2024-11-02 15:51:20,571 db_post created user: user_3 laurentius@gmail.com
user_logger DEBUG 2024-11-02 15:51:20,888 db_post created user: user_4 siegmeyer@gmail.com
user_logger DEBUG 2024-11-02 15:51:21,533 db_post created user: user_1 solaire@gmail.com
user_logger DEBUG 2024-11-02 15:51:21,883 db_post created user: user_2 aslatiel@gmail.com
user_logger DEBUG 2024-11-02 15:51:22,285 db_post created user: user_3 laurentius@gmail.com
user_logger DEBUG 2024-11-02 15:51:22,659 db_post created user: user_4 siegmeyer@gmail.com
user_logger DEBUG 2024-11-02 15:51:23,404 db_post created user: user_1 solaire@gmail.com
user_logger DEBUG 2024-11-02 15:51:23,789 db_post created user: user_2 aslatiel@gmail.com
user_logger DEBUG 2024-11-02 15:51:24,125 db_post created user: user_3 laurentius@gmail.com
user_logger DEBUG 2024-11-02 15:51:24,446 db_post created user: user_4 siegmeyer@gmail.com
user_logger DEBUG 2024-11-02 15:51:26,100 db_post created user: user_1 siegmeyer@gmail.com
user_logger DEBUG 2024-11-02 23:51:28,427 db_post created user: user_1 solaire@gmail.com
user_logger DEBUG 2024-11-02 23:51:28,580 db_post created user: user_2 aslatiel@gmail.com
user_logger DEBUG 2024-11-02 23:51:28,730 db_post created user: user_3 laurentius@gmail.com
user_logger DEBUG 2024-11-02 23:51:28,869 db_post created user: user_4 siegmeyer@gmail.com
user_logger DEBUG 2024-11-02 23:51:29,137 db_post created user: user_1 solaire@gmail.com
user_logger DEBUG 2024-11-02 23:51:29,279 db_post created user: user_2 aslatiel@gmail.com
user_logger DEBUG 2024-11-02 23:51:29,431 db_post created user: user_3 laurentius@gmail.com
user_logger DEBUG 2024-11-02 23:51:29,580 db_post created user: user_4 siegmeyer@gmail.com
user_logger DEBUG 2024-11-02 23:51:29,861 db_post created user: user_1 solaire@gmail.com
user_logger DEBUG 2024-11-02 23:51:30,004 db_post created user: user_2 aslatiel@gmail.com
user_logger DEBUG 2024-11-02 23:51:30,146 db_post created user: user_3 laurentius@gmail.com
user_logger DEBUG 2024-11-02 23:51:30,287 db_post created user: user_4 siegmeyer@gmail.com
user_logger DEBUG 2024-11-02 23:51:31,054 db_post created user: user_1 siegmeyer@gmail.com
user_logger DEBUG 2024-11-02 23:55:28,195 db_post created user: user_1 solaire@gmail.com
user_logger DEBUG 2024-11-02 23:55:28,338 db_post created user: user_2 aslatiel@gmail.com
user_logger DEBUG 2024-11-02 23:55:28,486 db_post created user: user_3 laurentius@gmail.com
user_logger DEBUG 2024-11-02 23:55:28,645 db_post created user: user_4 siegmeyer@gmail.com
user_logger DEBUG 2024-11-02 23:55:28,933 db_post created user: user_1 solaire@gmail.com
user_logger DEBUG 2024-11-02 23:55:29,080 db_post created user: user_2 aslatiel@gmail.com
user_logger DEBUG 2024-11-02 23:55:29,234 db_post created user: user_3 laurentius@gmail.com
user_logger DEBUG 2024-11-02 23:55:29,377 db_post created user: user_4 siegmeyer@gmail.com
user_logger DEBUG 2024-11-02 23:55:29,659 db_post created user: user_1 solaire@gmail.com
user_logger DEBUG 2024-11-02 23:55:29,803 db_post created user: user_2 aslatiel@gmail.com
user_logger DEBUG 2024-11-02 23:55:29,954 db_post created user: user_3 laurentius@gmail.com
user_logger DEBUG 2024-11-02 23:55:30,128 db_post created user: user_4 siegmeyer@gmail.com
user_logger DEBUG 2024-11-02 23:55:30,547 db_post created user: user_1 siegmeyer@gmail.com
user_logger DEBUG 2024-11-02 23:59:30,508 db_post created user: user_1 solaire@gmail.com
user_logger DEBUG 2024-11-02 23:59:30,672 db_post created user: user_2 aslatiel@gmail.com
user_logger DEBUG 2024-11-02 23:59:30,817 db_post created user: user_3 laurentius@gmail.com
user_logger DEBUG 2024-11-02 23:59:30,955 db_post created user: user_4 siegmeyer@gmail.com
user_logger DEBUG 2024-11-02 23:59:31,226 db_post created user: user_1 solaire@gmail.com
user_logger DEBUG 2024-11-02 23:59:31,459 db_post created user: user_2 aslatiel@gmail.com
user_logger DEBUG 2024-11-02 23:59:31,803 db_post created user: user_3 laurentius@gmail.com
user_logger DEBUG 2024-11-02 23:59:32,009 db_post created user: user_4 siegmeyer@gmail.com
user_logger DEBUG 2024-11-02 23:59:32,287 db_post created user: user_1 solaire@gmail.com
user_logger DEBUG 2024-11-02 23:59:32,438 db_post created user: user_2 aslatiel@gmail.com
user_logger DEBUG 2024-11-02 23:59:32,577 db_post created user: user_3 laurentius@gmail.com
user_logger DEBUG 2024-11-02 23:59:32,720 db_post created user: user_4 siegmeyer@gmail.com
user_logger DEBUG 2024-11-02 23:59:33,116 db_post created user: user_1 siegmeyer@gmail.com
user_logger DEBUG 2024-11-03 00:06:19,571 db_post created user: user_1 solaire@gmail.com
user_logger DEBUG 2024-11-03 00:06:19,722 db_post created user: user_2 aslatiel@gmail.com
user_logger DEBUG 2024-11-03 00:06:19,877 db_post created user: user_3 laurentius@gmail.com
user_logger DEBUG 2024-11-03 00:06:20,026 db_post created user: user_4 siegmeyer@gmail.com
user_logger DEBUG 2024-11-03 00:06:20,317 db_post created user: user_1 solaire@gmail.com
user_logger DEBUG 2024-11-03 00:06:20,513 db_post created user: user_2 aslatiel@gmail.com
user_logger DEBUG 2024-11-03 00:06:20,657 db_post created user: user_3 laurentius@gmail.com
user_logger DEBUG 2024-11-03 00:06:20,810 db_post created user: user_4 siegmeyer@gmail.com
user_logger DEBUG 2024-11-03 00:06:21,107 db_post created user: user_1 solaire@gmail.com
user_logger DEBUG 2024-11-03 00:06:21,287 db_post created user: user_2 aslatiel@gmail.com
user_logger DEBUG 2024-11-03 00:06:21,441 db_post created user: user_3 laurentius@gmail.com
user_logger DEBUG 2024-11-03 00:06:21,627 db_post created user: user_4 siegmeyer@gmail.com
user_logger DEBUG 2024-11-03 00:06:22,100 db_post created user: user_1 siegmeyer@gmail.com
user_logger DEBUG 2024-11-03 00:15:23,801 db_post created user: user_1 solaire@gmail.com
user_logger DEBUG 2024-11-03 00:15:23,946 db_post created user: user_2 aslatiel@gmail.com
user_logger DEBUG 2024-11-03 00:15:24,094 db_post created user: user_3 laurentius@gmail.com
user_logger DEBUG 2024-11-03 00:15:24,241 db_post created user: user_4 siegmeyer@gmail.com
user_logger DEBUG 2024-11-03 00:15:24,517 db_post created user: user_1 solaire@gmail.com
user_logger DEBUG 2024-11-03 00:15:24,657 db_post created user: user_2 aslatiel@gmail.com
user_logger DEBUG 2024-11-03 00:15:24,798 db_post created user: user_3 laurentius@gmail.com
user_logger DEBUG 2024-11-03 00:15:24,939 db_post created user: user_4 siegmeyer@gmail.com
user_logger DEBUG 2024-11-03 00:15:25,209 db_post created user: user_1 solaire@gmail.com
user_logger DEBUG 2024-11-03 00:15:25,353 db_post created user: user_2 aslatiel@gmail.com
user_logger DEBUG 2024-11-03 00:15:25,516 db_post created user: user_3 laurentius@gmail.com
user_logger DEBUG 2024-11-03 00:15:25,676 db_post created user: user_4 siegmeyer@gmail.com
user_logger DEBUG 2024-11-03 00:15:26,054 db_post created user: user_1 siegmeyer@gmail.com
user_logger DEBUG 2024-11-03 00:21:22,722 db_post created user: user_1 solaire@gmail.com
user_logger DEBUG 2024-11-03 00:21:22,864 db_post created user: user_2 aslatiel@gmail.com
user_logger DEBUG 2024-11-03 00:21:23,005 db_post created user: user_3 laurentius@gmail.com
user_logger DEBUG 2024-11-03 00:21:23,167 db_post created user: user_4 siegmeyer@gmail.com
user_logger DEBUG 2024-11-03 00:21:23,434 db_post created user: user_1 solaire@gmail.com
user_logger DEBUG 2024-11-03 00:21:23,575 db_post created user: user_2 aslatiel@gmail.com
user_logger DEBUG 2024-11-03 00:21:23,713 db_post created user: user_3 laurentius@gmail.com
user_logger DEBUG 2024-11-03 00:21:23,853 db_post created user: user_4 siegmeyer@gmail.com
user_logger DEBUG 2024-11-03 00:21:24,127 db_post created user: user_1 solaire@gmail.com
user_logger DEBUG 2024-11-03 00:21:24,267 db_post created user: user_2 aslatiel@gmail.com
user_logger DEBUG 2024-11-03 00:21:24,421 db_post created user: user_3 laurentius@gmail.com
user_logger DEBUG 2024-11-03 00:21:24,562 db_post created user: user_4 siegmeyer@gmail.com
user_logger DEBUG 2024-11-03 00:21:24,933 db_post created user: user_1 siegmeyer@gmail.com
user_logger DEBUG 2024-11-03 00:25:08,928 db_post created user: user_1 solaire@gmail.com
user_logger DEBUG 2024-11-03 00:25:09,087 db_post created user: user_2 aslatiel@gmail.com
user_logger DEBUG 2024-11-03 00:25:09,241 db_post created user: user_3 laurentius@gmail.com
user_logger DEBUG 2024-11-03 00:25:09,397 db_post created user: user_4 siegmeyer@gmail.com
user_logger DEBUG 2024-11-03 00:25:09,682 db_post created user: user_1 solaire@gmail.com
user_logger DEBUG 2024-11-03 00:25:09,832 db_post created user: user_2 aslatiel@gmail.com
user_logger DEBUG 2024-11-03 00:25:10,000 db_post created user: user_3 laurentius@gmail.com
user_logger DEBUG 2024-11-03 00:25:10,153 db_post created user: user_4 siegmeyer@gmail.com
user_logger DEBUG 2024-11-03 00:25:10,434 db_post created user: user_1 solaire@gmail.com
user_logger DEBUG 2024-11-03 00:25:10,605 db_post created user: user_2 aslatiel@gmail.com
user_logger DEBUG 2024-11-03 00:25:10,757 db_post created user: user_3 laurentius@gmail.com
user_logger DEBUG 2024-11-03 00:25:10,898 db_post created user: user_4 siegmeyer@gmail.com
user_logger DEBUG 2024-11-03 00:25:11,271 db_post created user: user_1 siegmeyer@gmail.com
user_logger DEBUG 2024-11-03 00:26:25,031 db_post created user: user_1 solaire@gmail.com
user_logger DEBUG 2024-11-03 00:26:25,176 db_post created user: user_2 aslatiel@gmail.com
user_logger DEBUG 2024-11-03 00:26:25,318 db_post created user: user_3 laurentius@gmail.com
user_logger DEBUG 2024-11-03 00:26:25,461 db_post created user: user_4 siegmeyer@gmail.com
user_logger DEBUG 2024-11-03 00:26:25,740 db_post created user: user_1 solaire@gmail.com
user_logger DEBUG 2024-11-03 00:26:25,883 db_post created user: user_2 aslatiel@gmail.com
user_logger DEBUG 2024-11-03 00:26:26,054 db_post created user: user_3 laurentius@gmail.com
user_logger DEBUG 2024-11-03 00:26:26,204 db_post created user: user_4 siegmeyer@gmail.com
user_logger DEBUG 2024-11-03 00:26:26,499 db_post created user: user_1 solaire@gmail.com
user_logger DEBUG 2024-11-03 00:26:26,667 db_post created user: user_2 aslatiel@gmail.com
user_logger DEBUG 2024-11-03 00:26:26,855 db_post created user: user_3 laurentius@gmail.com
user_logger DEBUG 2024-11-03 00:26:27,009 db_post created user: user_4 siegmeyer@gmail.com
user_logger DEBUG 2024-11-03 00:26:27,403 db_post created user: user_1 siegmeyer@gmail.com
user_logger DEBUG 2024-11-03 00:32:28,344 db_post created user: user_1 solaire@gmail.com
user_logger DEBUG 2024-11-03 00:32:28,494 db_post created user: user_2 aslatiel@gmail.com
user_logger DEBUG 2024-11-03 00:32:28,656 db_post created user: user_3 laurentius@gmail.com
user_logger DEBUG 2024-11-03 00:32:28,829 db_post created user: user_4 siegmeyer@gmail.com
user_logger DEBUG 2024-11-03 00:32:29,108 db_post created user: user_1 solaire@gmail.com
user_logger DEBUG 2024-11-03 00:32:29,255 db_post created user: user_2 aslatiel@gmail.com
user_logger DEBUG 2024-11-03 00:32:29,424 db_post created user: user_3 laurentius@gmail.com
user_logger DEBUG 2024-11-03 00:32:29,578 db_post created user: user_4 siegmeyer@gmail.com
user_logger DEBUG 2024-11-03 00:32:29,876 db_post created user: user_1 solaire@gmail.com
user_logger DEBUG 2024-11-03 00:32:30,042 db_post created user: user_2 aslatiel@gmail.com
user_logger DEBUG 2024-11-03 00:32:30,195 db_post created user: user_3 laurentius@gmail.com
user_logger DEBUG 2024-11-03 00:32:30,351 db_post created user: user_4 siegmeyer@gmail.com
user_logger DEBUG 2024-11-03 00:32:30,757 db_post created user: user_1 siegmeyer@gmail.com
user_logger DEBUG 2024-11-03 00:35:58,088 db_post created user: user_1 solaire@gmail.com
user_logger DEBUG 2024-11-03 00:35:58,305 db_post created user: user_2 aslatiel@gmail.com
user_logger DEBUG 2024-11-03 00:35:58,493 db_post created user: user_3 laurentius@gmail.com
user_logger DEBUG 2024-11-03 00:35:58,646 db_post created user: user_4 siegmeyer@gmail.com
user_logger DEBUG 2024-11-03 00:35:58,927 db_post created user: user_1 solaire@gmail.com
user_logger DEBUG 2024-11-03 00:35:59,089 db_post created user: user_2 aslatiel@gmail.com
user_logger DEBUG 2024-11-03 00:35:59,249 db_post created user: user_3 laurentius@gmail.com
user_logger DEBUG 2024-11-03 00:35:59,429 db_post created user: user_4 siegmeyer@gmail.com
user_logger DEBUG 2024-11-03 00:35:59,710 db_post created user: user_1 solaire@gmail.com
user_logger DEBUG 2024-11-03 00:35:59,859 db_post created user: user_2 aslatiel@gmail.com
user_logger DEBUG 2024-11-03 00:36:00,044 db_post created user: user_3 laurentius@gmail.com
user_logger DEBUG 2024-11-03 00:36:00,184 db_post created user: user_4 siegmeyer@gmail.com
user_logger DEBUG 2024-11-03 00:36:00,561 db_post created user: user_1 siegmeyer@gmail.com
user_logger DEBUG 2024-11-03 00:37:24,252 db_post created user: user_1 solaire@gmail.com
user_logger DEBUG 2024-11-03 00:37:24,405 db_post created user: user_2 aslatiel@gmail.com
user_logger DEBUG 2024-11-03 00:37:24,562 db_post created user: user_3 laurentius@gmail.com
user_logger DEBUG 2024-11-03 00:37:24,714 db_post created user: user_4 siegmeyer@gmail.com
user_logger DEBUG 2024-11-03 00:37:25,002 db_post created user: user_1 solaire@gmail.com
user_logger DEBUG 2024-11-03 00:37:25,145 db_post created user: user_2 aslatiel@gmail.com
user_logger DEBUG 2024-11-03 00:37:25,282 db_post created user: user_3 laurentius@gmail.com
user_logger DEBUG 2024-11-03 00:37:25,445 db_post created user: user_4 siegmeyer@gmail.com
user_logger DEBUG 2024-11-03 00:37:25,723 db_post created user: user_1 solaire@gmail.com
user_logger DEBUG 2024-11-03 00:37:25,877 db_post created user: user_2 aslatiel@gmail.com
user_logger DEBUG 2024-11-03 00:37:26,023 db_post created user: user_3 laurentius@gmail.com
user_logger DEBUG 2024-11-03 00:37:26,163 db_post created user: user_4 siegmeyer@gmail.com
user_logger DEBUG 2024-11-03 00:37:26,540 db_post created user: user_1 siegmeyer@gmail.com
user_logger DEBUG 2024-11-03 00:39:20,225 db_post created user: user_1 solaire@gmail.com
user_logger DEBUG 2024-11-03 00:39:20,379 db_post created user: user_2 aslatiel@gmail.com
user_logger DEBUG 2024-11-03 00:39:20,532 db_post created user: user_3 laurentius@gmail.com
user_logger DEBUG 2024-11-03 00:39:20,695 db_post created user: user_4 siegmeyer@gmail.com
user_logger DEBUG 2024-11-03 00:39:20,990 db_post created user: user_1 solaire@gmail.com
user_logger DEBUG 2024-11-03 00:39:21,175 db_post created user: user_2 aslatiel@gmail.com
user_logger DEBUG 2024-11-03 00:39:21,365 db_post created user: user_3 laurentius@gmail.com
user_logger DEBUG 2024-11-03 00:39:21,555 db_post created user: user_4 siegmeyer@gmail.com
user_logger DEBUG 2024-11-03 00:39:21,863 db_post created user: user_1 solaire@gmail.com
user_logger DEBUG 2024-11-03 00:39:22,018 db_post created user: user_2 aslatiel@gmail.com
user_logger DEBUG 2024-11-03 00:39:22,177 db_post created user: user_3 laurentius@gmail.com
user_logger DEBUG 2024-11-03 00:39:22,323 db_post created user: user_4 siegmeyer@gmail.com
user_logger DEBUG 2024-11-03 00:39:22,743 db_post created user: user_1 siegmeyer@gmail.com
user_logger DEBUG 2024-11-03 00:48:28,903 db_post created user: user_1 solaire@gmail.com
user_logger DEBUG 2024-11-03 00:48:29,177 db_post created user: user_2 aslatiel@gmail.com
user_logger DEBUG 2024-11-03 00:48:29,518 db_post created user: user_3 laurentius@gmail.com
user_logger DEBUG 2024-11-03 00:48:29,843 db_post created user: user_4 siegmeyer@gmail.com
user_logger DEBUG 2024-11-03 00:48:30,145 db_post created user: user_1 solaire@gmail.com
user_logger DEBUG 2024-11-03 00:48:30,308 db_post created user: user_2 aslatiel@gmail.com
user_logger DEBUG 2024-11-03 00:48:30,743 db_post created user: user_3 laurentius@gmail.com
user_logger DEBUG 2024-11-03 00:48:32,033 db_post created user: user_4 siegmeyer@gmail.com
user_logger DEBUG 2024-11-03 00:48:32,335 db_post created user: user_1 solaire@gmail.com
user_logger DEBUG 2024-11-03 00:48:32,535 db_post created user: user_2 aslatiel@gmail.com
user_logger DEBUG 2024-11-03 00:48:32,687 db_post created user: user_3 laurentius@gmail.com
user_logger DEBUG 2024-11-03 00:48:32,836 db_post created user: user_4 siegmeyer@gmail.com
user_logger DEBUG 2024-11-03 00:48:33,256 db_post created user: user_1 siegmeyer@gmail.com
user_logger DEBUG 2024-11-03 00:51:37,119 db_post created user: user_1 solaire@gmail.com
user_logger DEBUG 2024-11-03 00:51:38,513 db_post created user: user_2 aslatiel@gmail.com
user_logger DEBUG 2024-11-03 00:51:39,453 db_post created user: user_3 laurentius@gmail.com
user_logger DEBUG 2024-11-03 00:51:39,650 db_post created user: user_4 siegmeyer@gmail.com
user_logger DEBUG 2024-11-03 00:51:39,941 db_post created user: user_1 solaire@gmail.com
user_logger DEBUG 2024-11-03 00:51:40,162 db_post created user: user_2 aslatiel@gmail.com
user_logger DEBUG 2024-11-03 00:51:40,590 db_post created user: user_3 laurentius@gmail.com
user_logger DEBUG 2024-11-03 00:51:41,182 db_post created user: user_4 siegmeyer@gmail.com
user_logger DEBUG 2024-11-03 00:51:42,498 db_post created user: user_1 solaire@gmail.com
user_logger DEBUG 2024-11-03 00:51:43,305 db_post created user: user_2 aslatiel@gmail.com
user_logger DEBUG 2024-11-03 00:51:44,026 db_post created user: user_3 laurentius@gmail.com
user_logger DEBUG 2024-11-03 00:51:44,471 db_post created user: user_4 siegmeyer@gmail.com
user_logger DEBUG 2024-11-03 00:51:44,950 db_post created user: user_1 siegmeyer@gmail.com
user_logger INFO 2024-11-03 00:51:48,529 db_put User_id: 131 -- Changed their attribute user_name to Monkey.
user_logger INFO 2024-11-03 00:51:48,529 db_put User_id: 131 -- Changed their attribute user_type to student.
user_logger INFO 2024-11-03 00:51:48,529 db_put User_id: 131 -- Changed their attribute email to banana.ba@ku.th.
user_logger INFO 2024-11-03 00:51:48,529 db_put User_id: 131 -- Changed their attribute description to bananalonglong.
user_logger INFO 2024-11-03 00:51:48,529 db_put User_id: 131 -- Changed their attribute profile_color to Yellow.
user_logger INFO 2024-11-03 00:51:48,529 db_put User_id: 131 -- Changed their attribute user_id to 131.
user_logger DEBUG 2024-11-03 00:53:25,857 db_post created user: user_1 solaire@gmail.com
user_logger DEBUG 2024-11-03 00:53:26,031 db_post created user: user_2 aslatiel@gmail.com
user_logger DEBUG 2024-11-03 00:53:26,234 db_post created user: user_3 laurentius@gmail.com
user_logger DEBUG 2024-11-03 00:53:26,409 db_post created user: user_4 siegmeyer@gmail.com
user_logger DEBUG 2024-11-03 00:53:26,869 db_post created user: user_1 solaire@gmail.com
user_logger DEBUG 2024-11-03 00:53:27,065 db_post created user: user_2 aslatiel@gmail.com
user_logger DEBUG 2024-11-03 00:53:27,217 db_post created user: user_3 laurentius@gmail.com
user_logger DEBUG 2024-11-03 00:53:27,383 db_post created user: user_4 siegmeyer@gmail.com
user_logger DEBUG 2024-11-03 00:53:27,671 db_post created user: user_1 solaire@gmail.com
user_logger DEBUG 2024-11-03 00:53:27,841 db_post created user: user_2 aslatiel@gmail.com
user_logger DEBUG 2024-11-03 00:53:27,992 db_post created user: user_3 laurentius@gmail.com
user_logger DEBUG 2024-11-03 00:53:28,148 db_post created user: user_4 siegmeyer@gmail.com
user_logger DEBUG 2024-11-03 00:53:28,558 db_post created user: user_1 siegmeyer@gmail.com
user_logger INFO 2024-11-03 00:53:30,234 db_put User_id: 131 -- Changed their attribute user_name to Monkey.
user_logger INFO 2024-11-03 00:53:30,234 db_put User_id: 131 -- Changed their attribute user_type to student.
user_logger INFO 2024-11-03 00:53:30,235 db_put User_id: 131 -- Changed their attribute email to banana.ba@ku.th.
user_logger INFO 2024-11-03 00:53:30,235 db_put User_id: 131 -- Changed their attribute description to bananalonglong.
user_logger INFO 2024-11-03 00:53:30,235 db_put User_id: 131 -- Changed their attribute profile_color to Yellow.
user_logger INFO 2024-11-03 00:53:30,235 db_put User_id: 131 -- Changed their attribute user_id to 131.
